2026-01-06 06:16:12.440 +05:30 [INF] Loaded 0 stream configurations
2026-01-06 06:16:12.440 +05:30 [INF] Loaded 0 stream configurations
2026-01-06 06:16:12.650 +05:30 [ERR] An exception occurred while trying to decrypt the element.
System.Security.Cryptography.CryptographicException: Error occurred during a cryptographic operation.
   at Microsoft.AspNetCore.DataProtection.Cng.DpapiSecretSerializerHelper.UnprotectWithDpapiCore(Byte* pbProtectedData, UInt32 cbProtectedData, Byte* pbOptionalEntropy, UInt32 cbOptionalEntropy)
   at Microsoft.AspNetCore.DataProtection.Cng.DpapiSecretSerializerHelper.UnprotectWithDpapi(Byte[] protectedSecret)
   at Microsoft.AspNetCore.DataProtection.XmlEncryption.DpapiXmlDecryptor.Decrypt(XElement encryptedElement)
2026-01-06 06:16:12.650 +05:30 [ERR] An exception occurred while trying to decrypt the element.
System.Security.Cryptography.CryptographicException: Error occurred during a cryptographic operation.
   at Microsoft.AspNetCore.DataProtection.Cng.DpapiSecretSerializerHelper.UnprotectWithDpapiCore(Byte* pbProtectedData, UInt32 cbProtectedData, Byte* pbOptionalEntropy, UInt32 cbOptionalEntropy)
   at Microsoft.AspNetCore.DataProtection.Cng.DpapiSecretSerializerHelper.UnprotectWithDpapi(Byte[] protectedSecret)
   at Microsoft.AspNetCore.DataProtection.XmlEncryption.DpapiXmlDecryptor.Decrypt(XElement encryptedElement)
2026-01-06 06:16:12.675 +05:30 [ERR] An exception occurred while processing the key element '<key id="2eb12a69-802c-4a79-a5e1-e13f64b87c1f" version="1" />'.
System.Security.Cryptography.CryptographicException: Error occurred during a cryptographic operation.
   at Microsoft.AspNetCore.DataProtection.Cng.DpapiSecretSerializerHelper.UnprotectWithDpapiCore(Byte* pbProtectedData, UInt32 cbProtectedData, Byte* pbOptionalEntropy, UInt32 cbOptionalEntropy)
   at Microsoft.AspNetCore.DataProtection.Cng.DpapiSecretSerializerHelper.UnprotectWithDpapi(Byte[] protectedSecret)
   at Microsoft.AspNetCore.DataProtection.XmlEncryption.DpapiXmlDecryptor.Decrypt(XElement encryptedElement)
   at Microsoft.AspNetCore.DataProtection.XmlEncryption.XmlEncryptionExtensions.DecryptElement(XElement element, IActivator activator)
   at Microsoft.AspNetCore.DataProtection.KeyManagement.XmlKeyManager.Microsoft.AspNetCore.DataProtection.KeyManagement.Internal.IInternalXmlKeyManager.DeserializeDescriptorFromKeyElement(XElement keyElement)
2026-01-06 06:16:12.675 +05:30 [ERR] An exception occurred while processing the key element '<key id="2eb12a69-802c-4a79-a5e1-e13f64b87c1f" version="1" />'.
System.Security.Cryptography.CryptographicException: Error occurred during a cryptographic operation.
   at Microsoft.AspNetCore.DataProtection.Cng.DpapiSecretSerializerHelper.UnprotectWithDpapiCore(Byte* pbProtectedData, UInt32 cbProtectedData, Byte* pbOptionalEntropy, UInt32 cbOptionalEntropy)
   at Microsoft.AspNetCore.DataProtection.Cng.DpapiSecretSerializerHelper.UnprotectWithDpapi(Byte[] protectedSecret)
   at Microsoft.AspNetCore.DataProtection.XmlEncryption.DpapiXmlDecryptor.Decrypt(XElement encryptedElement)
   at Microsoft.AspNetCore.DataProtection.XmlEncryption.XmlEncryptionExtensions.DecryptElement(XElement element, IActivator activator)
   at Microsoft.AspNetCore.DataProtection.KeyManagement.XmlKeyManager.Microsoft.AspNetCore.DataProtection.KeyManagement.Internal.IInternalXmlKeyManager.DeserializeDescriptorFromKeyElement(XElement keyElement)
2026-01-06 06:16:12.683 +05:30 [WRN] Key {2eb12a69-802c-4a79-a5e1-e13f64b87c1f} is ineligible to be the default key because its CreateEncryptor method failed.
System.Security.Cryptography.CryptographicException: Error occurred during a cryptographic operation.
   at Microsoft.AspNetCore.DataProtection.Cng.DpapiSecretSerializerHelper.UnprotectWithDpapiCore(Byte* pbProtectedData, UInt32 cbProtectedData, Byte* pbOptionalEntropy, UInt32 cbOptionalEntropy)
   at Microsoft.AspNetCore.DataProtection.Cng.DpapiSecretSerializerHelper.UnprotectWithDpapi(Byte[] protectedSecret)
   at Microsoft.AspNetCore.DataProtection.XmlEncryption.DpapiXmlDecryptor.Decrypt(XElement encryptedElement)
   at Microsoft.AspNetCore.DataProtection.XmlEncryption.XmlEncryptionExtensions.DecryptElement(XElement element, IActivator activator)
   at Microsoft.AspNetCore.DataProtection.KeyManagement.XmlKeyManager.Microsoft.AspNetCore.DataProtection.KeyManagement.Internal.IInternalXmlKeyManager.DeserializeDescriptorFromKeyElement(XElement keyElement)
   at System.Lazy`1.ViaFactory(LazyThreadSafetyMode mode)
   at System.Lazy`1.ExecutionAndPublication(LazyHelper executionAndPublication, Boolean useDefaultConstructor)
   at System.Lazy`1.CreateValue()
   at Microsoft.AspNetCore.DataProtection.AuthenticatedEncryption.CngGcmAuthenticatedEncryptorFactory.CreateEncryptorInstance(IKey key)
   at Microsoft.AspNetCore.DataProtection.KeyManagement.KeyBase.CreateEncryptor()
   at Microsoft.AspNetCore.DataProtection.KeyManagement.DefaultKeyResolver.CanCreateAuthenticatedEncryptor(IKey key)
2026-01-06 06:16:12.683 +05:30 [WRN] Key {2eb12a69-802c-4a79-a5e1-e13f64b87c1f} is ineligible to be the default key because its CreateEncryptor method failed.
System.Security.Cryptography.CryptographicException: Error occurred during a cryptographic operation.
   at Microsoft.AspNetCore.DataProtection.Cng.DpapiSecretSerializerHelper.UnprotectWithDpapiCore(Byte* pbProtectedData, UInt32 cbProtectedData, Byte* pbOptionalEntropy, UInt32 cbOptionalEntropy)
   at Microsoft.AspNetCore.DataProtection.Cng.DpapiSecretSerializerHelper.UnprotectWithDpapi(Byte[] protectedSecret)
   at Microsoft.AspNetCore.DataProtection.XmlEncryption.DpapiXmlDecryptor.Decrypt(XElement encryptedElement)
   at Microsoft.AspNetCore.DataProtection.XmlEncryption.XmlEncryptionExtensions.DecryptElement(XElement element, IActivator activator)
   at Microsoft.AspNetCore.DataProtection.KeyManagement.XmlKeyManager.Microsoft.AspNetCore.DataProtection.KeyManagement.Internal.IInternalXmlKeyManager.DeserializeDescriptorFromKeyElement(XElement keyElement)
   at System.Lazy`1.ViaFactory(LazyThreadSafetyMode mode)
   at System.Lazy`1.ExecutionAndPublication(LazyHelper executionAndPublication, Boolean useDefaultConstructor)
   at System.Lazy`1.CreateValue()
   at Microsoft.AspNetCore.DataProtection.AuthenticatedEncryption.CngGcmAuthenticatedEncryptorFactory.CreateEncryptorInstance(IKey key)
   at Microsoft.AspNetCore.DataProtection.KeyManagement.KeyBase.CreateEncryptor()
   at Microsoft.AspNetCore.DataProtection.KeyManagement.DefaultKeyResolver.CanCreateAuthenticatedEncryptor(IKey key)
2026-01-06 06:16:12.715 +05:30 [ERR] An exception occurred while trying to decrypt the element.
System.Security.Cryptography.CryptographicException: Error occurred during a cryptographic operation.
   at Microsoft.AspNetCore.DataProtection.Cng.DpapiSecretSerializerHelper.UnprotectWithDpapiCore(Byte* pbProtectedData, UInt32 cbProtectedData, Byte* pbOptionalEntropy, UInt32 cbOptionalEntropy)
   at Microsoft.AspNetCore.DataProtection.Cng.DpapiSecretSerializerHelper.UnprotectWithDpapi(Byte[] protectedSecret)
   at Microsoft.AspNetCore.DataProtection.XmlEncryption.DpapiXmlDecryptor.Decrypt(XElement encryptedElement)
2026-01-06 06:16:12.715 +05:30 [ERR] An exception occurred while trying to decrypt the element.
System.Security.Cryptography.CryptographicException: Error occurred during a cryptographic operation.
   at Microsoft.AspNetCore.DataProtection.Cng.DpapiSecretSerializerHelper.UnprotectWithDpapiCore(Byte* pbProtectedData, UInt32 cbProtectedData, Byte* pbOptionalEntropy, UInt32 cbOptionalEntropy)
   at Microsoft.AspNetCore.DataProtection.Cng.DpapiSecretSerializerHelper.UnprotectWithDpapi(Byte[] protectedSecret)
   at Microsoft.AspNetCore.DataProtection.XmlEncryption.DpapiXmlDecryptor.Decrypt(XElement encryptedElement)
2026-01-06 06:16:12.721 +05:30 [ERR] An exception occurred while processing the key element '<key id="790dfe10-adab-4f4e-9281-dca0c442f3b6" version="1" />'.
System.Security.Cryptography.CryptographicException: Error occurred during a cryptographic operation.
   at Microsoft.AspNetCore.DataProtection.Cng.DpapiSecretSerializerHelper.UnprotectWithDpapiCore(Byte* pbProtectedData, UInt32 cbProtectedData, Byte* pbOptionalEntropy, UInt32 cbOptionalEntropy)
   at Microsoft.AspNetCore.DataProtection.Cng.DpapiSecretSerializerHelper.UnprotectWithDpapi(Byte[] protectedSecret)
   at Microsoft.AspNetCore.DataProtection.XmlEncryption.DpapiXmlDecryptor.Decrypt(XElement encryptedElement)
   at Microsoft.AspNetCore.DataProtection.XmlEncryption.XmlEncryptionExtensions.DecryptElement(XElement element, IActivator activator)
   at Microsoft.AspNetCore.DataProtection.KeyManagement.XmlKeyManager.Microsoft.AspNetCore.DataProtection.KeyManagement.Internal.IInternalXmlKeyManager.DeserializeDescriptorFromKeyElement(XElement keyElement)
2026-01-06 06:16:12.721 +05:30 [ERR] An exception occurred while processing the key element '<key id="790dfe10-adab-4f4e-9281-dca0c442f3b6" version="1" />'.
System.Security.Cryptography.CryptographicException: Error occurred during a cryptographic operation.
   at Microsoft.AspNetCore.DataProtection.Cng.DpapiSecretSerializerHelper.UnprotectWithDpapiCore(Byte* pbProtectedData, UInt32 cbProtectedData, Byte* pbOptionalEntropy, UInt32 cbOptionalEntropy)
   at Microsoft.AspNetCore.DataProtection.Cng.DpapiSecretSerializerHelper.UnprotectWithDpapi(Byte[] protectedSecret)
   at Microsoft.AspNetCore.DataProtection.XmlEncryption.DpapiXmlDecryptor.Decrypt(XElement encryptedElement)
   at Microsoft.AspNetCore.DataProtection.XmlEncryption.XmlEncryptionExtensions.DecryptElement(XElement element, IActivator activator)
   at Microsoft.AspNetCore.DataProtection.KeyManagement.XmlKeyManager.Microsoft.AspNetCore.DataProtection.KeyManagement.Internal.IInternalXmlKeyManager.DeserializeDescriptorFromKeyElement(XElement keyElement)
2026-01-06 06:16:12.725 +05:30 [WRN] Key {790dfe10-adab-4f4e-9281-dca0c442f3b6} is ineligible to be the default key because its CreateEncryptor method failed.
System.Security.Cryptography.CryptographicException: Error occurred during a cryptographic operation.
   at Microsoft.AspNetCore.DataProtection.Cng.DpapiSecretSerializerHelper.UnprotectWithDpapiCore(Byte* pbProtectedData, UInt32 cbProtectedData, Byte* pbOptionalEntropy, UInt32 cbOptionalEntropy)
   at Microsoft.AspNetCore.DataProtection.Cng.DpapiSecretSerializerHelper.UnprotectWithDpapi(Byte[] protectedSecret)
   at Microsoft.AspNetCore.DataProtection.XmlEncryption.DpapiXmlDecryptor.Decrypt(XElement encryptedElement)
   at Microsoft.AspNetCore.DataProtection.XmlEncryption.XmlEncryptionExtensions.DecryptElement(XElement element, IActivator activator)
   at Microsoft.AspNetCore.DataProtection.KeyManagement.XmlKeyManager.Microsoft.AspNetCore.DataProtection.KeyManagement.Internal.IInternalXmlKeyManager.DeserializeDescriptorFromKeyElement(XElement keyElement)
   at System.Lazy`1.ViaFactory(LazyThreadSafetyMode mode)
   at System.Lazy`1.ExecutionAndPublication(LazyHelper executionAndPublication, Boolean useDefaultConstructor)
   at System.Lazy`1.CreateValue()
   at Microsoft.AspNetCore.DataProtection.AuthenticatedEncryption.CngGcmAuthenticatedEncryptorFactory.CreateEncryptorInstance(IKey key)
   at Microsoft.AspNetCore.DataProtection.KeyManagement.KeyBase.CreateEncryptor()
   at Microsoft.AspNetCore.DataProtection.KeyManagement.DefaultKeyResolver.CanCreateAuthenticatedEncryptor(IKey key)
2026-01-06 06:16:12.725 +05:30 [WRN] Key {790dfe10-adab-4f4e-9281-dca0c442f3b6} is ineligible to be the default key because its CreateEncryptor method failed.
System.Security.Cryptography.CryptographicException: Error occurred during a cryptographic operation.
   at Microsoft.AspNetCore.DataProtection.Cng.DpapiSecretSerializerHelper.UnprotectWithDpapiCore(Byte* pbProtectedData, UInt32 cbProtectedData, Byte* pbOptionalEntropy, UInt32 cbOptionalEntropy)
   at Microsoft.AspNetCore.DataProtection.Cng.DpapiSecretSerializerHelper.UnprotectWithDpapi(Byte[] protectedSecret)
   at Microsoft.AspNetCore.DataProtection.XmlEncryption.DpapiXmlDecryptor.Decrypt(XElement encryptedElement)
   at Microsoft.AspNetCore.DataProtection.XmlEncryption.XmlEncryptionExtensions.DecryptElement(XElement element, IActivator activator)
   at Microsoft.AspNetCore.DataProtection.KeyManagement.XmlKeyManager.Microsoft.AspNetCore.DataProtection.KeyManagement.Internal.IInternalXmlKeyManager.DeserializeDescriptorFromKeyElement(XElement keyElement)
   at System.Lazy`1.ViaFactory(LazyThreadSafetyMode mode)
   at System.Lazy`1.ExecutionAndPublication(LazyHelper executionAndPublication, Boolean useDefaultConstructor)
   at System.Lazy`1.CreateValue()
   at Microsoft.AspNetCore.DataProtection.AuthenticatedEncryption.CngGcmAuthenticatedEncryptorFactory.CreateEncryptorInstance(IKey key)
   at Microsoft.AspNetCore.DataProtection.KeyManagement.KeyBase.CreateEncryptor()
   at Microsoft.AspNetCore.DataProtection.KeyManagement.DefaultKeyResolver.CanCreateAuthenticatedEncryptor(IKey key)
2026-01-06 06:16:12.753 +05:30 [ERR] An exception occurred while trying to decrypt the element.
System.Security.Cryptography.CryptographicException: Error occurred during a cryptographic operation.
   at Microsoft.AspNetCore.DataProtection.Cng.DpapiSecretSerializerHelper.UnprotectWithDpapiCore(Byte* pbProtectedData, UInt32 cbProtectedData, Byte* pbOptionalEntropy, UInt32 cbOptionalEntropy)
   at Microsoft.AspNetCore.DataProtection.Cng.DpapiSecretSerializerHelper.UnprotectWithDpapi(Byte[] protectedSecret)
   at Microsoft.AspNetCore.DataProtection.XmlEncryption.DpapiXmlDecryptor.Decrypt(XElement encryptedElement)
2026-01-06 06:16:12.753 +05:30 [ERR] An exception occurred while trying to decrypt the element.
System.Security.Cryptography.CryptographicException: Error occurred during a cryptographic operation.
   at Microsoft.AspNetCore.DataProtection.Cng.DpapiSecretSerializerHelper.UnprotectWithDpapiCore(Byte* pbProtectedData, UInt32 cbProtectedData, Byte* pbOptionalEntropy, UInt32 cbOptionalEntropy)
   at Microsoft.AspNetCore.DataProtection.Cng.DpapiSecretSerializerHelper.UnprotectWithDpapi(Byte[] protectedSecret)
   at Microsoft.AspNetCore.DataProtection.XmlEncryption.DpapiXmlDecryptor.Decrypt(XElement encryptedElement)
2026-01-06 06:16:12.758 +05:30 [ERR] An exception occurred while processing the key element '<key id="c28c7135-4c8f-45e4-906a-9cf7f4efd5cc" version="1" />'.
System.Security.Cryptography.CryptographicException: Error occurred during a cryptographic operation.
   at Microsoft.AspNetCore.DataProtection.Cng.DpapiSecretSerializerHelper.UnprotectWithDpapiCore(Byte* pbProtectedData, UInt32 cbProtectedData, Byte* pbOptionalEntropy, UInt32 cbOptionalEntropy)
   at Microsoft.AspNetCore.DataProtection.Cng.DpapiSecretSerializerHelper.UnprotectWithDpapi(Byte[] protectedSecret)
   at Microsoft.AspNetCore.DataProtection.XmlEncryption.DpapiXmlDecryptor.Decrypt(XElement encryptedElement)
   at Microsoft.AspNetCore.DataProtection.XmlEncryption.XmlEncryptionExtensions.DecryptElement(XElement element, IActivator activator)
   at Microsoft.AspNetCore.DataProtection.KeyManagement.XmlKeyManager.Microsoft.AspNetCore.DataProtection.KeyManagement.Internal.IInternalXmlKeyManager.DeserializeDescriptorFromKeyElement(XElement keyElement)
2026-01-06 06:16:12.758 +05:30 [ERR] An exception occurred while processing the key element '<key id="c28c7135-4c8f-45e4-906a-9cf7f4efd5cc" version="1" />'.
System.Security.Cryptography.CryptographicException: Error occurred during a cryptographic operation.
   at Microsoft.AspNetCore.DataProtection.Cng.DpapiSecretSerializerHelper.UnprotectWithDpapiCore(Byte* pbProtectedData, UInt32 cbProtectedData, Byte* pbOptionalEntropy, UInt32 cbOptionalEntropy)
   at Microsoft.AspNetCore.DataProtection.Cng.DpapiSecretSerializerHelper.UnprotectWithDpapi(Byte[] protectedSecret)
   at Microsoft.AspNetCore.DataProtection.XmlEncryption.DpapiXmlDecryptor.Decrypt(XElement encryptedElement)
   at Microsoft.AspNetCore.DataProtection.XmlEncryption.XmlEncryptionExtensions.DecryptElement(XElement element, IActivator activator)
   at Microsoft.AspNetCore.DataProtection.KeyManagement.XmlKeyManager.Microsoft.AspNetCore.DataProtection.KeyManagement.Internal.IInternalXmlKeyManager.DeserializeDescriptorFromKeyElement(XElement keyElement)
2026-01-06 06:16:12.762 +05:30 [WRN] Key {c28c7135-4c8f-45e4-906a-9cf7f4efd5cc} is ineligible to be the default key because its CreateEncryptor method failed.
System.Security.Cryptography.CryptographicException: Error occurred during a cryptographic operation.
   at Microsoft.AspNetCore.DataProtection.Cng.DpapiSecretSerializerHelper.UnprotectWithDpapiCore(Byte* pbProtectedData, UInt32 cbProtectedData, Byte* pbOptionalEntropy, UInt32 cbOptionalEntropy)
   at Microsoft.AspNetCore.DataProtection.Cng.DpapiSecretSerializerHelper.UnprotectWithDpapi(Byte[] protectedSecret)
   at Microsoft.AspNetCore.DataProtection.XmlEncryption.DpapiXmlDecryptor.Decrypt(XElement encryptedElement)
   at Microsoft.AspNetCore.DataProtection.XmlEncryption.XmlEncryptionExtensions.DecryptElement(XElement element, IActivator activator)
   at Microsoft.AspNetCore.DataProtection.KeyManagement.XmlKeyManager.Microsoft.AspNetCore.DataProtection.KeyManagement.Internal.IInternalXmlKeyManager.DeserializeDescriptorFromKeyElement(XElement keyElement)
   at System.Lazy`1.ViaFactory(LazyThreadSafetyMode mode)
   at System.Lazy`1.ExecutionAndPublication(LazyHelper executionAndPublication, Boolean useDefaultConstructor)
   at System.Lazy`1.CreateValue()
   at Microsoft.AspNetCore.DataProtection.AuthenticatedEncryption.CngGcmAuthenticatedEncryptorFactory.CreateEncryptorInstance(IKey key)
   at Microsoft.AspNetCore.DataProtection.KeyManagement.KeyBase.CreateEncryptor()
   at Microsoft.AspNetCore.DataProtection.KeyManagement.DefaultKeyResolver.CanCreateAuthenticatedEncryptor(IKey key)
2026-01-06 06:16:12.762 +05:30 [WRN] Key {c28c7135-4c8f-45e4-906a-9cf7f4efd5cc} is ineligible to be the default key because its CreateEncryptor method failed.
System.Security.Cryptography.CryptographicException: Error occurred during a cryptographic operation.
   at Microsoft.AspNetCore.DataProtection.Cng.DpapiSecretSerializerHelper.UnprotectWithDpapiCore(Byte* pbProtectedData, UInt32 cbProtectedData, Byte* pbOptionalEntropy, UInt32 cbOptionalEntropy)
   at Microsoft.AspNetCore.DataProtection.Cng.DpapiSecretSerializerHelper.UnprotectWithDpapi(Byte[] protectedSecret)
   at Microsoft.AspNetCore.DataProtection.XmlEncryption.DpapiXmlDecryptor.Decrypt(XElement encryptedElement)
   at Microsoft.AspNetCore.DataProtection.XmlEncryption.XmlEncryptionExtensions.DecryptElement(XElement element, IActivator activator)
   at Microsoft.AspNetCore.DataProtection.KeyManagement.XmlKeyManager.Microsoft.AspNetCore.DataProtection.KeyManagement.Internal.IInternalXmlKeyManager.DeserializeDescriptorFromKeyElement(XElement keyElement)
   at System.Lazy`1.ViaFactory(LazyThreadSafetyMode mode)
   at System.Lazy`1.ExecutionAndPublication(LazyHelper executionAndPublication, Boolean useDefaultConstructor)
   at System.Lazy`1.CreateValue()
   at Microsoft.AspNetCore.DataProtection.AuthenticatedEncryption.CngGcmAuthenticatedEncryptorFactory.CreateEncryptorInstance(IKey key)
   at Microsoft.AspNetCore.DataProtection.KeyManagement.KeyBase.CreateEncryptor()
   at Microsoft.AspNetCore.DataProtection.KeyManagement.DefaultKeyResolver.CanCreateAuthenticatedEncryptor(IKey key)
2026-01-06 06:16:12.769 +05:30 [WRN] Key {c28c7135-4c8f-45e4-906a-9cf7f4efd5cc} is ineligible to be the default key because its CreateEncryptor method failed.
System.Security.Cryptography.CryptographicException: Error occurred during a cryptographic operation.
   at Microsoft.AspNetCore.DataProtection.Cng.DpapiSecretSerializerHelper.UnprotectWithDpapiCore(Byte* pbProtectedData, UInt32 cbProtectedData, Byte* pbOptionalEntropy, UInt32 cbOptionalEntropy)
   at Microsoft.AspNetCore.DataProtection.Cng.DpapiSecretSerializerHelper.UnprotectWithDpapi(Byte[] protectedSecret)
   at Microsoft.AspNetCore.DataProtection.XmlEncryption.DpapiXmlDecryptor.Decrypt(XElement encryptedElement)
   at Microsoft.AspNetCore.DataProtection.XmlEncryption.XmlEncryptionExtensions.DecryptElement(XElement element, IActivator activator)
   at Microsoft.AspNetCore.DataProtection.KeyManagement.XmlKeyManager.Microsoft.AspNetCore.DataProtection.KeyManagement.Internal.IInternalXmlKeyManager.DeserializeDescriptorFromKeyElement(XElement keyElement)
   at System.Lazy`1.ViaFactory(LazyThreadSafetyMode mode)
--- End of stack trace from previous location ---
   at System.Lazy`1.CreateValue()
   at Microsoft.AspNetCore.DataProtection.AuthenticatedEncryption.CngGcmAuthenticatedEncryptorFactory.CreateEncryptorInstance(IKey key)
   at Microsoft.AspNetCore.DataProtection.KeyManagement.KeyBase.CreateEncryptor()
   at Microsoft.AspNetCore.DataProtection.KeyManagement.DefaultKeyResolver.CanCreateAuthenticatedEncryptor(IKey key)
2026-01-06 06:16:12.769 +05:30 [WRN] Key {c28c7135-4c8f-45e4-906a-9cf7f4efd5cc} is ineligible to be the default key because its CreateEncryptor method failed.
System.Security.Cryptography.CryptographicException: Error occurred during a cryptographic operation.
   at Microsoft.AspNetCore.DataProtection.Cng.DpapiSecretSerializerHelper.UnprotectWithDpapiCore(Byte* pbProtectedData, UInt32 cbProtectedData, Byte* pbOptionalEntropy, UInt32 cbOptionalEntropy)
   at Microsoft.AspNetCore.DataProtection.Cng.DpapiSecretSerializerHelper.UnprotectWithDpapi(Byte[] protectedSecret)
   at Microsoft.AspNetCore.DataProtection.XmlEncryption.DpapiXmlDecryptor.Decrypt(XElement encryptedElement)
   at Microsoft.AspNetCore.DataProtection.XmlEncryption.XmlEncryptionExtensions.DecryptElement(XElement element, IActivator activator)
   at Microsoft.AspNetCore.DataProtection.KeyManagement.XmlKeyManager.Microsoft.AspNetCore.DataProtection.KeyManagement.Internal.IInternalXmlKeyManager.DeserializeDescriptorFromKeyElement(XElement keyElement)
   at System.Lazy`1.ViaFactory(LazyThreadSafetyMode mode)
--- End of stack trace from previous location ---
   at System.Lazy`1.CreateValue()
   at Microsoft.AspNetCore.DataProtection.AuthenticatedEncryption.CngGcmAuthenticatedEncryptorFactory.CreateEncryptorInstance(IKey key)
   at Microsoft.AspNetCore.DataProtection.KeyManagement.KeyBase.CreateEncryptor()
   at Microsoft.AspNetCore.DataProtection.KeyManagement.DefaultKeyResolver.CanCreateAuthenticatedEncryptor(IKey key)
2026-01-06 06:16:12.776 +05:30 [WRN] Key {790dfe10-adab-4f4e-9281-dca0c442f3b6} is ineligible to be the default key because its CreateEncryptor method failed.
System.Security.Cryptography.CryptographicException: Error occurred during a cryptographic operation.
   at Microsoft.AspNetCore.DataProtection.Cng.DpapiSecretSerializerHelper.UnprotectWithDpapiCore(Byte* pbProtectedData, UInt32 cbProtectedData, Byte* pbOptionalEntropy, UInt32 cbOptionalEntropy)
   at Microsoft.AspNetCore.DataProtection.Cng.DpapiSecretSerializerHelper.UnprotectWithDpapi(Byte[] protectedSecret)
   at Microsoft.AspNetCore.DataProtection.XmlEncryption.DpapiXmlDecryptor.Decrypt(XElement encryptedElement)
   at Microsoft.AspNetCore.DataProtection.XmlEncryption.XmlEncryptionExtensions.DecryptElement(XElement element, IActivator activator)
   at Microsoft.AspNetCore.DataProtection.KeyManagement.XmlKeyManager.Microsoft.AspNetCore.DataProtection.KeyManagement.Internal.IInternalXmlKeyManager.DeserializeDescriptorFromKeyElement(XElement keyElement)
   at System.Lazy`1.ViaFactory(LazyThreadSafetyMode mode)
--- End of stack trace from previous location ---
   at System.Lazy`1.CreateValue()
   at Microsoft.AspNetCore.DataProtection.AuthenticatedEncryption.CngGcmAuthenticatedEncryptorFactory.CreateEncryptorInstance(IKey key)
   at Microsoft.AspNetCore.DataProtection.KeyManagement.KeyBase.CreateEncryptor()
   at Microsoft.AspNetCore.DataProtection.KeyManagement.DefaultKeyResolver.CanCreateAuthenticatedEncryptor(IKey key)
2026-01-06 06:16:12.776 +05:30 [WRN] Key {790dfe10-adab-4f4e-9281-dca0c442f3b6} is ineligible to be the default key because its CreateEncryptor method failed.
System.Security.Cryptography.CryptographicException: Error occurred during a cryptographic operation.
   at Microsoft.AspNetCore.DataProtection.Cng.DpapiSecretSerializerHelper.UnprotectWithDpapiCore(Byte* pbProtectedData, UInt32 cbProtectedData, Byte* pbOptionalEntropy, UInt32 cbOptionalEntropy)
   at Microsoft.AspNetCore.DataProtection.Cng.DpapiSecretSerializerHelper.UnprotectWithDpapi(Byte[] protectedSecret)
   at Microsoft.AspNetCore.DataProtection.XmlEncryption.DpapiXmlDecryptor.Decrypt(XElement encryptedElement)
   at Microsoft.AspNetCore.DataProtection.XmlEncryption.XmlEncryptionExtensions.DecryptElement(XElement element, IActivator activator)
   at Microsoft.AspNetCore.DataProtection.KeyManagement.XmlKeyManager.Microsoft.AspNetCore.DataProtection.KeyManagement.Internal.IInternalXmlKeyManager.DeserializeDescriptorFromKeyElement(XElement keyElement)
   at System.Lazy`1.ViaFactory(LazyThreadSafetyMode mode)
--- End of stack trace from previous location ---
   at System.Lazy`1.CreateValue()
   at Microsoft.AspNetCore.DataProtection.AuthenticatedEncryption.CngGcmAuthenticatedEncryptorFactory.CreateEncryptorInstance(IKey key)
   at Microsoft.AspNetCore.DataProtection.KeyManagement.KeyBase.CreateEncryptor()
   at Microsoft.AspNetCore.DataProtection.KeyManagement.DefaultKeyResolver.CanCreateAuthenticatedEncryptor(IKey key)
2026-01-06 06:16:12.781 +05:30 [WRN] Key {2eb12a69-802c-4a79-a5e1-e13f64b87c1f} is ineligible to be the default key because its CreateEncryptor method failed.
System.Security.Cryptography.CryptographicException: Error occurred during a cryptographic operation.
   at Microsoft.AspNetCore.DataProtection.Cng.DpapiSecretSerializerHelper.UnprotectWithDpapiCore(Byte* pbProtectedData, UInt32 cbProtectedData, Byte* pbOptionalEntropy, UInt32 cbOptionalEntropy)
   at Microsoft.AspNetCore.DataProtection.Cng.DpapiSecretSerializerHelper.UnprotectWithDpapi(Byte[] protectedSecret)
   at Microsoft.AspNetCore.DataProtection.XmlEncryption.DpapiXmlDecryptor.Decrypt(XElement encryptedElement)
   at Microsoft.AspNetCore.DataProtection.XmlEncryption.XmlEncryptionExtensions.DecryptElement(XElement element, IActivator activator)
   at Microsoft.AspNetCore.DataProtection.KeyManagement.XmlKeyManager.Microsoft.AspNetCore.DataProtection.KeyManagement.Internal.IInternalXmlKeyManager.DeserializeDescriptorFromKeyElement(XElement keyElement)
   at System.Lazy`1.ViaFactory(LazyThreadSafetyMode mode)
--- End of stack trace from previous location ---
   at System.Lazy`1.CreateValue()
   at Microsoft.AspNetCore.DataProtection.AuthenticatedEncryption.CngGcmAuthenticatedEncryptorFactory.CreateEncryptorInstance(IKey key)
   at Microsoft.AspNetCore.DataProtection.KeyManagement.KeyBase.CreateEncryptor()
   at Microsoft.AspNetCore.DataProtection.KeyManagement.DefaultKeyResolver.CanCreateAuthenticatedEncryptor(IKey key)
2026-01-06 06:16:12.781 +05:30 [WRN] Key {2eb12a69-802c-4a79-a5e1-e13f64b87c1f} is ineligible to be the default key because its CreateEncryptor method failed.
System.Security.Cryptography.CryptographicException: Error occurred during a cryptographic operation.
   at Microsoft.AspNetCore.DataProtection.Cng.DpapiSecretSerializerHelper.UnprotectWithDpapiCore(Byte* pbProtectedData, UInt32 cbProtectedData, Byte* pbOptionalEntropy, UInt32 cbOptionalEntropy)
   at Microsoft.AspNetCore.DataProtection.Cng.DpapiSecretSerializerHelper.UnprotectWithDpapi(Byte[] protectedSecret)
   at Microsoft.AspNetCore.DataProtection.XmlEncryption.DpapiXmlDecryptor.Decrypt(XElement encryptedElement)
   at Microsoft.AspNetCore.DataProtection.XmlEncryption.XmlEncryptionExtensions.DecryptElement(XElement element, IActivator activator)
   at Microsoft.AspNetCore.DataProtection.KeyManagement.XmlKeyManager.Microsoft.AspNetCore.DataProtection.KeyManagement.Internal.IInternalXmlKeyManager.DeserializeDescriptorFromKeyElement(XElement keyElement)
   at System.Lazy`1.ViaFactory(LazyThreadSafetyMode mode)
--- End of stack trace from previous location ---
   at System.Lazy`1.CreateValue()
   at Microsoft.AspNetCore.DataProtection.AuthenticatedEncryption.CngGcmAuthenticatedEncryptorFactory.CreateEncryptorInstance(IKey key)
   at Microsoft.AspNetCore.DataProtection.KeyManagement.KeyBase.CreateEncryptor()
   at Microsoft.AspNetCore.DataProtection.KeyManagement.DefaultKeyResolver.CanCreateAuthenticatedEncryptor(IKey key)
2026-01-06 06:16:12.821 +05:30 [INF] Background Monitor Service started
2026-01-06 06:16:12.821 +05:30 [INF] Background Monitor Service started
2026-01-06 06:16:13.076 +05:30 [INF] Now listening on: https://localhost:52867
2026-01-06 06:16:13.076 +05:30 [INF] Now listening on: https://localhost:52867
2026-01-06 06:16:13.080 +05:30 [INF] Now listening on: http://localhost:52868
2026-01-06 06:16:13.080 +05:30 [INF] Now listening on: http://localhost:52868
2026-01-06 06:16:13.146 +05:30 [INF] Application started. Press Ctrl+C to shut down.
2026-01-06 06:16:13.146 +05:30 [INF] Application started. Press Ctrl+C to shut down.
2026-01-06 06:16:13.148 +05:30 [INF] Hosting environment: Development
2026-01-06 06:16:13.148 +05:30 [INF] Hosting environment: Development
2026-01-06 06:16:13.151 +05:30 [INF] Content root path: E:\JC\Simpfo\HeadendStreamer\HeadendStreamer.Web
2026-01-06 06:16:13.151 +05:30 [INF] Content root path: E:\JC\Simpfo\HeadendStreamer\HeadendStreamer.Web
2026-01-06 06:27:39.206 +05:30 [INF] Loaded 0 stream configurations
2026-01-06 06:27:39.206 +05:30 [INF] Loaded 0 stream configurations
2026-01-06 06:27:39.309 +05:30 [WRN] No XML encryptor configured. Key {ef545587-b68b-4aef-ac6b-f5285f04ec5b} may be persisted to storage in unencrypted form.
2026-01-06 06:27:39.309 +05:30 [WRN] No XML encryptor configured. Key {ef545587-b68b-4aef-ac6b-f5285f04ec5b} may be persisted to storage in unencrypted form.
2026-01-06 06:27:39.352 +05:30 [INF] Background Monitor Service started
2026-01-06 06:27:39.352 +05:30 [INF] Background Monitor Service started
2026-01-06 06:27:39.574 +05:30 [INF] Now listening on: https://localhost:52867
2026-01-06 06:27:39.574 +05:30 [INF] Now listening on: https://localhost:52867
2026-01-06 06:27:39.579 +05:30 [INF] Now listening on: http://localhost:52868
2026-01-06 06:27:39.579 +05:30 [INF] Now listening on: http://localhost:52868
2026-01-06 06:27:39.646 +05:30 [INF] Application started. Press Ctrl+C to shut down.
2026-01-06 06:27:39.646 +05:30 [INF] Application started. Press Ctrl+C to shut down.
2026-01-06 06:27:39.649 +05:30 [INF] Hosting environment: Development
2026-01-06 06:27:39.649 +05:30 [INF] Hosting environment: Development
2026-01-06 06:27:39.652 +05:30 [INF] Content root path: E:\JC\Simpfo\HeadendStreamer\HeadendStreamer.Web
2026-01-06 06:27:39.652 +05:30 [INF] Content root path: E:\JC\Simpfo\HeadendStreamer\HeadendStreamer.Web
2026-01-06 06:32:20.693 +05:30 [INF] Loaded 0 stream configurations
2026-01-06 06:32:20.693 +05:30 [INF] Loaded 0 stream configurations
2026-01-06 06:32:20.787 +05:30 [WRN] No XML encryptor configured. Key {5eddcf7a-8bce-4c49-bb4b-59420a2e9292} may be persisted to storage in unencrypted form.
2026-01-06 06:32:20.787 +05:30 [WRN] No XML encryptor configured. Key {5eddcf7a-8bce-4c49-bb4b-59420a2e9292} may be persisted to storage in unencrypted form.
2026-01-06 06:32:20.828 +05:30 [INF] Background Monitor Service started
2026-01-06 06:32:20.828 +05:30 [INF] Background Monitor Service started
2026-01-06 06:32:21.020 +05:30 [INF] Now listening on: https://localhost:52867
2026-01-06 06:32:21.020 +05:30 [INF] Now listening on: https://localhost:52867
2026-01-06 06:32:21.025 +05:30 [INF] Now listening on: http://localhost:52868
2026-01-06 06:32:21.025 +05:30 [INF] Now listening on: http://localhost:52868
2026-01-06 06:32:21.085 +05:30 [INF] Application started. Press Ctrl+C to shut down.
2026-01-06 06:32:21.085 +05:30 [INF] Application started. Press Ctrl+C to shut down.
2026-01-06 06:32:21.088 +05:30 [INF] Hosting environment: Development
2026-01-06 06:32:21.088 +05:30 [INF] Hosting environment: Development
2026-01-06 06:32:21.090 +05:30 [INF] Content root path: E:\JC\Simpfo\HeadendStreamer\HeadendStreamer.Web
2026-01-06 06:32:21.090 +05:30 [INF] Content root path: E:\JC\Simpfo\HeadendStreamer\HeadendStreamer.Web
2026-01-06 06:36:06.033 +05:30 [INF] Loaded 0 stream configurations
2026-01-06 06:36:06.033 +05:30 [INF] Loaded 0 stream configurations
2026-01-06 06:36:06.097 +05:30 [INF] Background Monitor Service started
2026-01-06 06:36:06.097 +05:30 [INF] Background Monitor Service started
2026-01-06 06:36:06.125 +05:30 [INF] Now listening on: http://localhost:5000
2026-01-06 06:36:06.125 +05:30 [INF] Now listening on: http://localhost:5000
2026-01-06 06:36:06.131 +05:30 [INF] Application started. Press Ctrl+C to shut down.
2026-01-06 06:36:06.131 +05:30 [INF] Application started. Press Ctrl+C to shut down.
2026-01-06 06:36:06.133 +05:30 [INF] Hosting environment: Development
2026-01-06 06:36:06.133 +05:30 [INF] Hosting environment: Development
2026-01-06 06:36:06.136 +05:30 [INF] Content root path: E:\JC\Simpfo\HeadendStreamer\HeadendStreamer.Web
2026-01-06 06:36:06.136 +05:30 [INF] Content root path: E:\JC\Simpfo\HeadendStreamer\HeadendStreamer.Web
2026-01-06 06:36:18.343 +05:30 [WRN] Failed to determine the https port for redirect.
2026-01-06 06:36:18.343 +05:30 [WRN] Failed to determine the https port for redirect.
2026-01-06 06:40:03.997 +05:30 [INF] Application is shutting down...
2026-01-06 06:40:03.997 +05:30 [INF] Application is shutting down...
2026-01-06 06:40:04.887 +05:30 [INF] Background Monitor Service stopped
2026-01-06 06:40:04.887 +05:30 [INF] Background Monitor Service stopped
2026-01-06 06:41:49.188 +05:30 [INF] Loaded 0 stream configurations
2026-01-06 06:41:49.188 +05:30 [INF] Loaded 0 stream configurations
2026-01-06 06:41:49.286 +05:30 [INF] Background Monitor Service started
2026-01-06 06:41:49.286 +05:30 [INF] Background Monitor Service started
2026-01-06 06:41:49.476 +05:30 [INF] Now listening on: http://localhost:5000
2026-01-06 06:41:49.476 +05:30 [INF] Now listening on: http://localhost:5000
2026-01-06 06:41:49.542 +05:30 [INF] Application started. Press Ctrl+C to shut down.
2026-01-06 06:41:49.542 +05:30 [INF] Application started. Press Ctrl+C to shut down.
2026-01-06 06:41:49.550 +05:30 [INF] Hosting environment: Development
2026-01-06 06:41:49.550 +05:30 [INF] Hosting environment: Development
2026-01-06 06:41:49.554 +05:30 [INF] Content root path: E:\JC\Simpfo\HeadendStreamer\HeadendStreamer.Web
2026-01-06 06:41:49.554 +05:30 [INF] Content root path: E:\JC\Simpfo\HeadendStreamer\HeadendStreamer.Web
2026-01-06 06:42:01.202 +05:30 [WRN] Failed to determine the https port for redirect.
2026-01-06 06:42:01.202 +05:30 [WRN] Failed to determine the https port for redirect.
2026-01-06 12:37:14.920 +05:30 [INF] Background Monitor Service started
2026-01-06 12:37:14.920 +05:30 [INF] Background Monitor Service started
2026-01-06 12:37:15.058 +05:30 [INF] Now listening on: http://localhost:5000
2026-01-06 12:37:15.058 +05:30 [INF] Now listening on: http://localhost:5000
2026-01-06 12:37:15.120 +05:30 [INF] Application started. Press Ctrl+C to shut down.
2026-01-06 12:37:15.120 +05:30 [INF] Application started. Press Ctrl+C to shut down.
2026-01-06 12:37:15.123 +05:30 [INF] Hosting environment: Development
2026-01-06 12:37:15.123 +05:30 [INF] Hosting environment: Development
2026-01-06 12:37:15.127 +05:30 [INF] Content root path: E:\JC\Simpfo\HeadendStreamer\HeadendStreamer.Web
2026-01-06 12:37:15.127 +05:30 [INF] Content root path: E:\JC\Simpfo\HeadendStreamer\HeadendStreamer.Web
2026-01-06 12:37:30.017 +05:30 [INF] System Status - CPU: 3.6%, Memory: 54.9%, Disk: 92.8%, Active Streams: 0
2026-01-06 12:37:30.017 +05:30 [INF] System Status - CPU: 3.6%, Memory: 54.9%, Disk: 92.8%, Active Streams: 0
2026-01-06 12:38:00.403 +05:30 [INF] System Status - CPU: 6.9%, Memory: 54.8%, Disk: 92.8%, Active Streams: 0
2026-01-06 12:38:00.403 +05:30 [INF] System Status - CPU: 6.9%, Memory: 54.8%, Disk: 92.8%, Active Streams: 0
2026-01-06 12:38:30.776 +05:30 [INF] System Status - CPU: 7.0%, Memory: 48.2%, Disk: 92.8%, Active Streams: 0
2026-01-06 12:38:30.776 +05:30 [INF] System Status - CPU: 7.0%, Memory: 48.2%, Disk: 92.8%, Active Streams: 0
